<?xml version="1.0" encoding="UTF-8"?>
<testng-results ignored="0" total="1" passed="1" failed="0" skipped="0">
  <reporter-output>
  </reporter-output>
  <suite started-at="2018-11-28T15:45:04Z" name="Default suite" finished-at="2018-11-28T15:45:41Z" duration-ms="36181">
    <groups>
    </groups>
    <test started-at="2018-11-28T15:45:04Z" name="Default test" finished-at="2018-11-28T15:45:41Z" duration-ms="36181">
      <class name="com.commerce.tests.Flow01">
        <test-method is-config="true" signature="openApplication()[pri:0, instance:com.commerce.tests.Flow01@683dbc2c]" started-at="2018-11-28T15:45:04Z" name="openApplication" finished-at="2018-11-28T15:45:21Z" duration-ms="16356" status="PASS">
          <reporter-output>
          </reporter-output>
        </test-method> <!-- openApplication -->
        <test-method signature="searchItem()[pri:0, instance:com.commerce.tests.Flow01@683dbc2c]" started-at="2018-11-28T15:45:21Z" name="searchItem" finished-at="2018-11-28T15:45:41Z" duration-ms="19717" status="PASS">
          <reporter-output>
          </reporter-output>
        </test-method> <!-- searchItem -->
        <test-method is-config="true" signature="closeApplication()[pri:0, instance:com.commerce.tests.Flow01@683dbc2c]" started-at="2018-11-28T15:45:41Z" name="closeApplication" finished-at="2018-11-28T15:45:41Z" duration-ms="69" status="PASS">
          <reporter-output>
          </reporter-output>
        </test-method> <!-- closeApplication -->
      </class> <!-- com.commerce.tests.Flow01 -->
    </test> <!-- Default test -->
  </suite> <!-- Default suite -->
</testng-results>
